This is pdfTeX, Version 3.14159265-2.6-1.40.20 (TeX Live 2019/Debian) (preloaded format=pdflatex 2020.9.24)  24 SEP 2020 15:04
entering extended mode
 restricted \write18 enabled.
 %&-line parsing enabled.
**documentation.tex
(./documentation.tex
LaTeX2e <2020-02-02> patch level 2
L3 programming layer <2020-02-14>
(/usr/share/texlive/texmf-dist/tex/latex/base/article.cls
Document Class: article 2019/12/20 v1.4l Standard LaTeX document class
(/usr/share/texlive/texmf-dist/tex/latex/base/size12.clo
File: size12.clo 2019/12/20 v1.4l Standard LaTeX file (size option)
)
\c@part=\count167
\c@section=\count168
\c@subsection=\count169
\c@subsubsection=\count170
\c@paragraph=\count171
\c@subparagraph=\count172
\c@figure=\count173
\c@table=\count174
\abovecaptionskip=\skip47
\belowcaptionskip=\skip48
\bibindent=\dimen134
)
(/usr/share/texlive/texmf-dist/tex/latex/listings/listings.sty
(/usr/share/texlive/texmf-dist/tex/latex/graphics/keyval.sty
Package: keyval 2014/10/28 v1.15 key=value parser (DPC)
\KV@toks@=\toks14
)
\lst@mode=\count175
\lst@gtempboxa=\box45
\lst@token=\toks15
\lst@length=\count176
\lst@currlwidth=\dimen135
\lst@column=\count177
\lst@pos=\count178
\lst@lostspace=\dimen136
\lst@width=\dimen137
\lst@newlines=\count179
\lst@lineno=\count180
\lst@maxwidth=\dimen138

(/usr/share/texlive/texmf-dist/tex/latex/listings/lstmisc.sty
File: lstmisc.sty 2019/09/10 1.8c (Carsten Heinz)
\c@lstnumber=\count181
\lst@skipnumbers=\count182
\lst@framebox=\box46
)
(/usr/share/texlive/texmf-dist/tex/latex/listings/listings.cfg
File: listings.cfg 2019/09/10 1.8c listings configuration
))
Package: listings 2019/09/10 1.8c (Carsten Heinz)

(/usr/share/texlive/texmf-dist/tex/latex/base/inputenc.sty
Package: inputenc 2018/08/11 v1.3c Input encoding file
\inpenc@prehook=\toks16
\inpenc@posthook=\toks17
)
(/usr/share/texlive/texmf-dist/tex/latex/graphics/color.sty
Package: color 2019/11/23 v1.2a Standard LaTeX Color (DPC)

(/usr/share/texlive/texmf-dist/tex/latex/graphics-cfg/color.cfg
File: color.cfg 2016/01/02 v1.6 sample color configuration
)
Package color Info: Driver file: pdftex.def on input line 147.

(/usr/share/texlive/texmf-dist/tex/latex/graphics-def/pdftex.def
File: pdftex.def 2018/01/08 v1.0l Graphics/color driver for pdftex
))
Package color Info: Redefining color cyan on input line 17.

(/usr/share/texlive/texmf-dist/tex/latex/l3backend/l3backend-pdfmode.def
File: l3backend-pdfmode.def 2020-02-03 L3 backend support: PDF mode
\l__kernel_color_stack_int=\count183
\l__pdf_internal_box=\box47
)
(./documentation.aux)
\openout1 = `documentation.aux'.

LaTeX Font Info:    Checking defaults for OML/cmm/m/it on input line 37.
LaTeX Font Info:    ... okay on input line 37.
LaTeX Font Info:    Checking defaults for OMS/cmsy/m/n on input line 37.
LaTeX Font Info:    ... okay on input line 37.
LaTeX Font Info:    Checking defaults for OT1/cmr/m/n on input line 37.
LaTeX Font Info:    ... okay on input line 37.
LaTeX Font Info:    Checking defaults for T1/cmr/m/n on input line 37.
LaTeX Font Info:    ... okay on input line 37.
LaTeX Font Info:    Checking defaults for TS1/cmr/m/n on input line 37.
LaTeX Font Info:    ... okay on input line 37.
LaTeX Font Info:    Checking defaults for OMX/cmex/m/n on input line 37.
LaTeX Font Info:    ... okay on input line 37.
LaTeX Font Info:    Checking defaults for U/cmr/m/n on input line 37.
LaTeX Font Info:    ... okay on input line 37.
\c@lstlisting=\count184

(/usr/share/texlive/texmf-dist/tex/context/base/mkii/supp-pdf.mkii
[Loading MPS to PDF converter (version 2006.09.02).]
\scratchcounter=\count185
\scratchdimen=\dimen139
\scratchbox=\box48
\nofMPsegments=\count186
\nofMParguments=\count187
\everyMPshowfont=\toks18
\MPscratchCnt=\count188
\MPscratchDim=\dimen140
\MPnumerator=\count189
\makeMPintoPDFobject=\count190
\everyMPtoPDFconversion=\toks19
)
LaTeX Font Info:    External font `cmex10' loaded for size
(Font)              <14.4> on input line 39.
LaTeX Font Info:    External font `cmex10' loaded for size
(Font)              <7> on input line 39.

Overfull \hbox (51.80286pt too wide) in paragraph at lines 52--53
[]\OT1/cmr/m/n/12 For run-ning Haskell code, it uses the com-mand \OT1/cmtt/m/n
/12 ghc -o <binary> <sourceFile>\OT1/cmr/m/n/12 . 
 []


Overfull \hbox (25.10013pt too wide) in paragraph at lines 58--59
[]\OT1/cmr/m/n/12 For run-ning PolyML code, it uses the com-mand \OT1/cmtt/m/n/
12 poly --use <sourceFile>\OT1/cmr/m/n/12 . 
 []

[1

{/var/lib/texmf/fonts/map/pdftex/updmap/pdftex.map}]
Overfull \hbox (2.00722pt too wide) in paragraph at lines 112--113
[]\OT1/cmtt/m/n/12 [[exampleResult]]\OT1/cmr/m/n/12 . Can have mul-ti-ples of t
his place-holder. Each
 []

[2] [3]
Overfull \hbox (4.18387pt too wide) in paragraph at lines 148--149
[]\OT1/cmr/m/n/12 E.g. \OT1/cmtt/m/n/12 python assistAssessment.py -F -p zipLis
t.xml -l Haskell
 []


Overfull \hbox (6.58551pt too wide) in paragraph at lines 148--149
\OT1/cmtt/m/n/12 -p zipList.xml -l Python -p genPrimes.xml -l PolyML \OT1/cmr/m
/n/12 should re-
 []


Overfull \hbox (11.50854pt too wide) in paragraph at lines 173--174
[]\OT1/cmr/m/n/12 E.g. \OT1/cmtt/m/n/12 python assistAssessment.py -E -p flatte
nDeepList.xml
 []


Overfull \hbox (41.89957pt too wide) in paragraph at lines 173--174
\OT1/cmtt/m/n/12 -l Python -s sampleSolutions/p1.py -p genPrimes.xml -l PolyML
 []

[4] [5]
Overfull \hbox (30.03355pt too wide) in paragraph at lines 252--253
[]\OT1/cmr/m/n/12 E.g. \OT1/cmtt/m/n/12 python assistAssessment.py -E -a -p fla
ttenDeepList.xml
 []


Overfull \hbox (29.54956pt too wide) in paragraph at lines 252--253
\OT1/cmtt/m/n/12 -l Python -p zipList.xml -l Python -s student^^SsSolutions.zip

 []

[6] [7]
LaTeX Font Info:    Trying to load font information for TS1+cmtt on input line 
370.
 (/usr/share/texlive/texmf-dist/tex/latex/base/ts1cmtt.fd
File: ts1cmtt.fd 2019/12/16 v2.5j Standard LaTeX font definitions
)
Overfull \hbox (0.2651pt too wide) in paragraph at lines 387--388
[]\OT1/cmr/m/n/12 The sec-ond is \OT1/cmtt/m/n/12 formatTex(text, solution, exa
mple, language)\OT1/cmr/m/n/12 . This
 []

[8] (./documentation.aux) ) 
Here is how much of TeX's memory you used:
 2583 strings out of 483183
 35849 string characters out of 5966292
 266964 words of memory out of 5000000
 17638 multiletter control sequences out of 15000+600000
 535564 words of font info for 35 fonts, out of 8000000 for 9000
 14 hyphenation exceptions out of 8191
 28i,6n,40p,511b,1598s stack positions out of 5000i,500n,10000p,200000b,80000s
 </home/alex/.texlive2019/texmf-var/fonts/pk/ljfour/
jknappen/ec/tctt1200.600pk> </home/alex/.texlive2019/texmf-var/fonts/pk/ljfour/
jknappen/ec/tcrm1200.600pk></usr/share/texlive/texmf-dist/fonts/type1/public/am
sfonts/cm/cmbx12.pfb></usr/share/texlive/texmf-dist/fonts/type1/public/amsfonts
/cm/cmr12.pfb></usr/share/texlive/texmf-dist/fonts/type1/public/amsfonts/cm/cmr
17.pfb></usr/share/texlive/texmf-dist/fonts/type1/public/amsfonts/cm/cmtt12.pfb
>
Output written on documentation.pdf (8 pages, 68066 bytes).
PDF statistics:
 58 PDF objects out of 1000 (max. 8388607)
 40 compressed objects within 1 object stream
 0 named destinations out of 1000 (max. 500000)
 1 words of extra memory for PDF output out of 10000 (max. 10000000)

